<?xml version="1.0"?><coverage lines-covered="1234" lines-valid="1945" line-rate="0.6344473007712083" branches-covered="0" branches-valid="0" branch-rate="0" complexity="0" version="1.9" timestamp="1765978077"><sources><source>/home/austingreen/Documents/botzr/projects/mcp-guard</source></sources><packages><package name="src/observability" line-rate="0.47674418604651164" branch-rate="0" complexity="0"><classes><class name="mod" filename="src/observability/mod.rs" line-rate="0.47674418604651164" branch-rate="0" complexity="0"><methods/><lines><line number="42" hits="3"/><line number="43" hits="3"/><line number="44" hits="0"/><line number="45" hits="0"/><line number="60" hits="2"/><line number="61" hits="5"/><line number="62" hits="3"/><line number="64" hits="6"/><line number="68" hits="7"/><line number="70" hits="2"/><line number="72" hits="0"/><line number="73" hits="0"/><line number="74" hits="0"/><line number="75" hits="0"/><line number="76" hits="0"/><line number="82" hits="8"/><line number="83" hits="4"/><line number="84" hits="6"/><line number="92" hits="0"/><line number="96" hits="0"/><line number="97" hits="0"/><line number="99" hits="0"/><line number="103" hits="0"/><line number="104" hits="0"/><line number="105" hits="0"/><line number="109" hits="0"/><line number="110" hits="0"/><line number="111" hits="0"/><line number="112" hits="0"/><line number="114" hits="0"/><line number="118" hits="0"/><line number="120" hits="0"/><line number="122" hits="0"/><line number="125" hits="0"/><line number="126" hits="0"/><line number="127" hits="0"/><line number="128" hits="0"/><line number="129" hits="0"/><line number="133" hits="0"/><line number="134" hits="0"/><line number="135" hits="0"/><line number="136" hits="0"/><line number="141" hits="0"/><line number="144" hits="0"/><line number="147" hits="0"/><line number="148" hits="0"/><line number="152" hits="0"/><line number="153" hits="0"/><line number="154" hits="0"/><line number="155" hits="0"/><line number="159" hits="0"/><line number="160" hits="0"/><line number="172" hits="2"/><line number="173" hits="2"/><line number="174" hits="2"/><line number="175" hits="0"/><line number="176" hits="0"/><line number="182" hits="0"/><line number="192" hits="2"/><line number="193" hits="3"/><line number="195" hits="2"/><line number="204" hits="2"/><line number="205" hits="2"/><line number="207" hits="3"/><line number="208" hits="3"/><line number="212" hits="3"/><line number="214" hits="3"/><line number="216" hits="3"/><line number="224" hits="2"/><line number="225" hits="2"/><line number="226" hits="2"/><line number="228" hits="2"/><line number="229" hits="2"/><line number="238" hits="2"/><line number="239" hits="2"/><line number="241" hits="2"/><line number="250" hits="2"/><line number="251" hits="2"/><line number="257" hits="5"/><line number="261" hits="5"/><line number="262" hits="5"/><line number="263" hits="10"/><line number="264" hits="5"/><line number="266" hits="10"/><line number="267" hits="0"/><line number="269" hits="5"/></lines></class></classes></package><package name="tests/common" line-rate="0" branch-rate="0" complexity="0"><classes></classes></package><package name="src/transport" line-rate="0.7750865051903114" branch-rate="0" complexity="0"><classes><class name="mod" filename="src/transport/mod.rs" line-rate="0.7750865051903114" branch-rate="0" complexity="0"><methods/><lines><line number="69" hits="2"/><line number="71" hits="4"/><line number="73" hits="1"/><line number="75" hits="1"/><line number="77" hits="1"/><line number="79" hits="1"/><line number="81" hits="1"/><line number="83" hits="1"/><line number="85" hits="1"/><line number="89" hits="1"/><line number="91" hits="1"/><line number="93" hits="1"/><line number="95" hits="1"/><line number="97" hits="1"/><line number="99" hits="1"/><line number="103" hits="2"/><line number="104" hits="2"/><line number="105" hits="2"/><line number="106" hits="1"/><line number="118" hits="1"/><line number="120" hits="3"/><line number="121" hits="4"/><line number="124" hits="2"/><line number="125" hits="2"/><line number="126" hits="1"/><line number="127" hits="1"/><line number="135" hits="2"/><line number="136" hits="0"/><line number="140" hits="1"/><line number="149" hits="1"/><line number="150" hits="2"/><line number="151" hits="3"/><line number="152" hits="1"/><line number="160" hits="2"/><line number="161" hits="1"/><line number="162" hits="2"/><line number="173" hits="2"/><line number="178" hits="2"/><line number="179" hits="2"/><line number="180" hits="1"/><line number="183" hits="1"/><line number="184" hits="3"/><line number="185" hits="3"/><line number="186" hits="2"/><line number="187" hits="1"/><line number="190" hits="1"/><line number="200" hits="1"/><line number="241" hits="4"/><line number="243" hits="4"/><line number="244" hits="1"/><line number="245" hits="1"/><line number="250" hits="10"/><line number="251" hits="5"/><line number="252" hits="1"/><line number="253" hits="1"/><line number="254" hits="0"/><line number="255" hits="1"/><line number="257" hits="2"/><line number="265" hits="10"/><line number="266" hits="5"/><line number="267" hits="0"/><line number="276" hits="5"/><line number="279" hits="10"/><line number="281" hits="15"/><line number="282" hits="5"/><line number="284" hits="10"/><line number="285" hits="14"/><line number="286" hits="2"/><line number="293" hits="4"/><line number="299" hits="3"/><line number="300" hits="7"/><line number="301" hits="2"/><line number="302" hits="1"/><line number="303" hits="1"/><line number="304" hits="0"/><line number="305" hits="0"/><line number="306" hits="1"/><line number="308" hits="2"/><line number="316" hits="4"/><line number="347" hits="4"/><line number="349" hits="4"/><line number="350" hits="8"/><line number="351" hits="8"/><line number="358" hits="2"/><line number="360" hits="2"/><line number="361" hits="2"/><line number="364" hits="2"/><line number="369" hits="2"/><line number="371" hits="2"/><line number="376" hits="4"/><line number="383" hits="2"/><line number="384" hits="2"/><line number="387" hits="2"/><line number="388" hits="2"/><line number="391" hits="2"/><line number="392" hits="2"/><line number="435" hits="15"/><line number="436" hits="8"/><line number="437" hits="3"/><line number="438" hits="2"/><line number="447" hits="10"/><line number="448" hits="6"/><line number="449" hits="2"/><line number="450" hits="3"/><line number="451" hits="2"/><line number="452" hits="3"/><line number="455" hits="5"/><line number="456" hits="0"/><line number="460" hits="5"/><line number="461" hits="0"/><line number="466" hits="5"/><line number="467" hits="5"/><line number="470" hits="7"/><line number="471" hits="1"/><line number="472" hits="5"/><line number="473" hits="2"/><line number="474" hits="1"/><line number="475" hits="0"/><line number="476" hits="0"/><line number="480" hits="4"/><line number="481" hits="0"/><line number="484" hits="3"/><line number="485" hits="0"/><line number="488" hits="4"/><line number="489" hits="0"/><line number="493" hits="0"/><line number="497" hits="7"/><line number="498" hits="1"/><line number="499" hits="1"/><line number="500" hits="1"/><line number="501" hits="6"/><line number="502" hits="1"/><line number="503" hits="2"/><line number="504" hits="1"/><line number="505" hits="3"/><line number="506" hits="0"/><line number="510" hits="0"/><line number="511" hits="0"/><line number="513" hits="0"/><line number="520" hits="0"/><line number="523" hits="0"/><line number="524" hits="0"/><line number="529" hits="0"/><line number="532" hits="3"/><line number="533" hits="2"/><line number="534" hits="3"/><line number="535" hits="2"/><line number="536" hits="3"/><line number="537" hits="2"/><line number="542" hits="0"/><line number="543" hits="0"/><line number="549" hits="5"/><line number="550" hits="2"/><line number="551" hits="1"/><line number="552" hits="3"/><line number="553" hits="1"/><line number="556" hits="6"/><line number="557" hits="6"/><line number="559" hits="3"/><line number="561" hits="4"/><line number="562" hits="1"/><line number="565" hits="0"/><line number="566" hits="0"/><line number="567" hits="0"/><line number="568" hits="0"/><line number="600" hits="1"/><line number="601" hits="2"/><line number="602" hits="1"/><line number="603" hits="1"/><line number="604" hits="1"/><line number="605" hits="1"/><line number="606" hits="1"/><line number="607" hits="1"/><line number="616" hits="2"/><line number="618" hits="4"/><line number="620" hits="2"/><line number="621" hits="2"/><line number="622" hits="2"/><line number="631" hits="0"/><line number="636" hits="0"/><line number="637" hits="0"/><line number="638" hits="0"/><line number="639" hits="0"/><line number="640" hits="0"/><line number="641" hits="0"/><line number="642" hits="0"/><line number="647" hits="5"/><line number="648" hits="1"/><line number="650" hits="1"/><line number="652" hits="1"/><line number="655" hits="3"/><line number="656" hits="0"/><line number="659" hits="8"/><line number="660" hits="2"/><line number="662" hits="8"/><line number="663" hits="2"/><line number="664" hits="0"/><line number="665" hits="0"/><line number="667" hits="0"/><line number="671" hits="4"/><line number="672" hits="2"/><line number="673" hits="2"/><line number="674" hits="2"/><line number="680" hits="6"/><line number="682" hits="3"/><line number="683" hits="4"/><line number="685" hits="1"/><line number="691" hits="8"/><line number="693" hits="5"/><line number="694" hits="2"/><line number="695" hits="1"/><line number="698" hits="6"/><line number="700" hits="4"/><line number="702" hits="3"/><line number="704" hits="1"/><line number="707" hits="5"/><line number="709" hits="1"/><line number="750" hits="4"/><line number="751" hits="2"/><line number="759" hits="8"/><line number="760" hits="4"/><line number="768" hits="1"/><line number="773" hits="2"/><line number="774" hits="0"/><line number="781" hits="2"/><line number="786" hits="4"/><line number="788" hits="2"/><line number="789" hits="4"/><line number="790" hits="2"/><line number="791" hits="2"/><line number="792" hits="2"/><line number="793" hits="2"/><line number="794" hits="2"/><line number="799" hits="4"/><line number="800" hits="1"/><line number="802" hits="1"/><line number="805" hits="1"/><line number="808" hits="2"/><line number="809" hits="0"/><line number="812" hits="4"/><line number="813" hits="1"/><line number="815" hits="4"/><line number="816" hits="1"/><line number="817" hits="0"/><line number="818" hits="0"/><line number="820" hits="0"/><line number="824" hits="2"/><line number="825" hits="1"/><line number="826" hits="0"/><line number="827" hits="0"/><line number="834" hits="2"/><line number="837" hits="3"/><line number="840" hits="2"/><line number="842" hits="0"/><line number="843" hits="0"/><line number="846" hits="0"/><line number="850" hits="0"/><line number="851" hits="0"/><line number="853" hits="0"/><line number="854" hits="0"/><line number="855" hits="0"/><line number="858" hits="0"/><line number="859" hits="0"/><line number="860" hits="0"/><line number="862" hits="0"/><line number="864" hits="0"/><line number="865" hits="0"/><line number="866" hits="0"/><line number="868" hits="0"/><line number="869" hits="0"/><line number="873" hits="0"/><line number="876" hits="0"/><line number="882" hits="4"/><line number="884" hits="3"/><line number="885" hits="1"/><line number="887" hits="4"/><line number="888" hits="1"/><line number="889" hits="3"/><line number="890" hits="1"/><line number="893" hits="1"/><line number="899" hits="5"/><line number="900" hits="3"/><line number="903" hits="6"/><line number="904" hits="6"/><line number="906" hits="3"/><line number="908" hits="3"/><line number="909" hits="1"/><line number="912" hits="5"/><line number="914" hits="1"/></lines></class></classes></package><package name="src/audit" line-rate="0.7168674698795181" branch-rate="0" complexity="0"><classes><class name="mod" filename="src/audit/mod.rs" line-rate="0.7168674698795181" branch-rate="0" complexity="0"><methods/><lines><line number="66" hits="5"/><line number="68" hits="5"/><line number="80" hits="5"/><line number="81" hits="10"/><line number="82" hits="5"/><line number="85" hits="1"/><line number="86" hits="2"/><line number="87" hits="1"/><line number="90" hits="1"/><line number="91" hits="2"/><line number="92" hits="1"/><line number="95" hits="3"/><line number="96" hits="3"/><line number="97" hits="3"/><line number="100" hits="2"/><line number="101" hits="5"/><line number="102" hits="3"/><line number="105" hits="1"/><line number="106" hits="1"/><line number="107" hits="1"/><line number="110" hits="1"/><line number="111" hits="2"/><line number="112" hits="1"/><line number="148" hits="8"/><line number="150" hits="3"/><line number="151" hits="2"/><line number="155" hits="3"/><line number="156" hits="3"/><line number="160" hits="4"/><line number="161" hits="0"/><line number="177" hits="3"/><line number="180" hits="3"/><line number="181" hits="3"/><line number="191" hits="2"/><line number="192" hits="2"/><line number="193" hits="2"/><line number="194" hits="2"/><line number="195" hits="2"/><line number="204" hits="1"/><line number="205" hits="2"/><line number="208" hits="2"/><line number="210" hits="2"/><line number="211" hits="1"/><line number="212" hits="1"/><line number="213" hits="1"/><line number="216" hits="1"/><line number="219" hits="1"/><line number="222" hits="5"/><line number="223" hits="3"/><line number="227" hits="6"/><line number="228" hits="0"/><line number="231" hits="0"/><line number="232" hits="0"/><line number="233" hits="0"/><line number="234" hits="0"/><line number="237" hits="0"/><line number="238" hits="0"/><line number="241" hits="0"/><line number="243" hits="2"/><line number="246" hits="2"/><line number="247" hits="2"/><line number="249" hits="2"/><line number="252" hits="2"/><line number="253" hits="2"/><line number="255" hits="2"/><line number="261" hits="1"/><line number="262" hits="1"/><line number="265" hits="2"/><line number="267" hits="1"/><line number="271" hits="3"/><line number="283" hits="3"/><line number="284" hits="3"/><line number="288" hits="2"/><line number="289" hits="1"/><line number="290" hits="0"/><line number="291" hits="0"/><line number="303" hits="1"/><line number="305" hits="2"/><line number="306" hits="0"/><line number="311" hits="1"/><line number="312" hits="0"/><line number="317" hits="3"/><line number="318" hits="3"/><line number="319" hits="3"/><line number="320" hits="3"/><line number="321" hits="3"/><line number="326" hits="2"/><line number="327" hits="2"/><line number="328" hits="2"/><line number="329" hits="2"/><line number="330" hits="2"/><line number="335" hits="1"/><line number="336" hits="1"/><line number="337" hits="1"/><line number="338" hits="1"/><line number="340" hits="2"/><line number="341" hits="2"/><line number="344" hits="1"/><line number="348" hits="2"/><line number="349" hits="2"/><line number="350" hits="2"/><line number="351" hits="2"/><line number="352" hits="2"/><line number="357" hits="1"/><line number="358" hits="1"/><line number="359" hits="1"/><line number="360" hits="1"/><line number="361" hits="1"/><line number="362" hits="1"/><line number="363" hits="1"/><line number="369" hits="1"/><line number="370" hits="1"/><line number="375" hits="1"/><line number="376" hits="1"/><line number="382" hits="1"/><line number="387" hits="5"/><line number="388" hits="2"/><line number="389" hits="1"/><line number="391" hits="1"/><line number="392" hits="2"/><line number="396" hits="3"/><line number="397" hits="1"/><line number="400" hits="2"/><line number="401" hits="0"/><line number="406" hits="3"/><line number="408" hits="2"/><line number="409" hits="1"/><line number="416" hits="3"/><line number="452" hits="1"/><line number="458" hits="3"/><line number="459" hits="2"/><line number="461" hits="1"/><line number="462" hits="0"/><line number="466" hits="0"/><line number="473" hits="2"/><line number="479" hits="0"/><line number="480" hits="0"/><line number="481" hits="0"/><line number="484" hits="0"/><line number="517" hits="0"/><line number="518" hits="0"/><line number="522" hits="0"/><line number="523" hits="0"/><line number="526" hits="0"/><line number="527" hits="0"/><line number="533" hits="0"/><line number="534" hits="0"/><line number="536" hits="0"/><line number="539" hits="0"/><line number="540" hits="0"/><line number="548" hits="0"/><line number="554" hits="0"/><line number="558" hits="0"/><line number="559" hits="0"/><line number="561" hits="0"/><line number="565" hits="0"/><line number="566" hits="0"/><line number="569" hits="0"/><line number="570" hits="0"/><line number="572" hits="0"/><line number="573" hits="0"/><line number="575" hits="0"/><line number="576" hits="0"/><line number="577" hits="0"/><line number="578" hits="0"/><line number="581" hits="0"/></lines></class></classes></package><package name="src/server" line-rate="0.5421348314606742" branch-rate="0" complexity="0"><classes><class name="mod" filename="src/server/mod.rs" line-rate="0.5421348314606742" branch-rate="0" complexity="0"><methods/><lines><line number="63" hits="4"/><line number="64" hits="3"/><line number="122" hits="4"/><line number="123" hits="2"/><line number="124" hits="1"/><line number="127" hits="1"/><line number="133" hits="3"/><line number="139" hits="4"/><line number="140" hits="2"/><line number="142" hits="2"/><line number="145" hits="1"/><line number="148" hits="1"/><line number="154" hits="1"/><line number="157" hits="2"/><line number="164" hits="0"/><line number="166" hits="0"/><line number="168" hits="0"/><line number="171" hits="0"/><line number="178" hits="0"/><line number="184" hits="0"/><line number="185" hits="0"/><line number="189" hits="0"/><line number="192" hits="0"/><line number="195" hits="0"/><line number="198" hits="0"/><line number="199" hits="0"/><line number="201" hits="0"/><line number="204" hits="0"/><line number="209" hits="0"/><line number="216" hits="0"/><line number="217" hits="0"/><line number="221" hits="0"/><line number="224" hits="0"/><line number="225" hits="0"/><line number="228" hits="0"/><line number="235" hits="0"/><line number="238" hits="0"/><line number="241" hits="0"/><line number="244" hits="0"/><line number="245" hits="0"/><line number="247" hits="0"/><line number="250" hits="0"/><line number="262" hits="2"/><line number="269" hits="2"/><line number="270" hits="2"/><line number="271" hits="5"/><line number="274" hits="2"/><line number="275" hits="5"/><line number="279" hits="2"/><line number="283" hits="2"/><line number="286" hits="2"/><line number="287" hits="2"/><line number="288" hits="2"/><line number="294" hits="2"/><line number="298" hits="2"/><line number="299" hits="2"/><line number="300" hits="4"/><line number="308" hits="1"/><line number="312" hits="3"/><line number="315" hits="1"/><line number="318" hits="1"/><line number="321" hits="1"/><line number="322" hits="0"/><line number="328" hits="0"/><line number="332" hits="2"/><line number="335" hits="1"/><line number="338" hits="1"/><line number="341" hits="2"/><line number="342" hits="2"/><line number="343" hits="1"/><line number="344" hits="1"/><line number="345" hits="1"/><line number="351" hits="1"/><line number="353" hits="3"/><line number="360" hits="2"/><line number="386" hits="1"/><line number="392" hits="3"/><line number="393" hits="1"/><line number="394" hits="3"/><line number="395" hits="2"/><line number="402" hits="4"/><line number="404" hits="4"/><line number="407" hits="5"/><line number="409" hits="1"/><line number="410" hits="1"/><line number="411" hits="4"/><line number="414" hits="0"/><line number="415" hits="0"/><line number="419" hits="0"/><line number="420" hits="0"/><line number="421" hits="0"/><line number="426" hits="0"/><line number="430" hits="0"/><line number="432" hits="0"/><line number="435" hits="0"/><line number="438" hits="0"/><line number="442" hits="0"/><line number="443" hits="0"/><line number="444" hits="0"/><line number="445" hits="0"/><line number="447" hits="0"/><line number="449" hits="0"/><line number="451" hits="0"/><line number="455" hits="0"/><line number="461" hits="0"/><line number="465" hits="0"/><line number="468" hits="0"/><line number="469" hits="0"/><line number="470" hits="0"/><line number="471" hits="0"/><line number="472" hits="0"/><line number="473" hits="0"/><line number="474" hits="0"/><line number="479" hits="0"/><line number="480" hits="0"/><line number="481" hits="0"/><line number="484" hits="0"/><line number="485" hits="0"/><line number="487" hits="0"/><line number="489" hits="0"/><line number="490" hits="0"/><line number="492" hits="0"/><line number="493" hits="0"/><line number="494" hits="0"/><line number="495" hits="0"/><line number="496" hits="0"/><line number="502" hits="0"/><line number="504" hits="0"/><line number="505" hits="0"/><line number="507" hits="0"/><line number="509" hits="0"/><line number="510" hits="0"/><line number="515" hits="0"/><line number="519" hits="0"/><line number="521" hits="0"/><line number="525" hits="0"/><line number="526" hits="0"/><line number="530" hits="0"/><line number="531" hits="0"/><line number="533" hits="0"/><line number="534" hits="0"/><line number="535" hits="0"/><line number="537" hits="0"/><line number="550" hits="1"/><line number="557" hits="2"/><line number="559" hits="0"/><line number="561" hits="0"/><line number="562" hits="0"/><line number="563" hits="0"/><line number="565" hits="0"/><line number="566" hits="0"/><line number="567" hits="0"/><line number="568" hits="0"/><line number="569" hits="0"/><line number="572" hits="0"/><line number="574" hits="0"/><line number="576" hits="0"/><line number="577" hits="0"/><line number="578" hits="0"/><line number="581" hits="0"/><line number="582" hits="0"/><line number="583" hits="0"/><line number="584" hits="0"/><line number="586" hits="0"/><line number="587" hits="0"/><line number="588" hits="0"/><line number="597" hits="4"/><line number="600" hits="1"/><line number="601" hits="1"/><line number="602" hits="4"/><line number="605" hits="0"/><line number="608" hits="0"/><line number="609" hits="0"/><line number="610" hits="0"/><line number="611" hits="0"/><line number="612" hits="0"/><line number="614" hits="0"/><line number="615" hits="0"/><line number="616" hits="0"/><line number="617" hits="0"/><line number="622" hits="0"/><line number="623" hits="0"/><line number="625" hits="0"/><line number="626" hits="0"/><line number="627" hits="0"/><line number="631" hits="0"/><line number="634" hits="0"/><line number="635" hits="0"/><line number="636" hits="0"/><line number="645" hits="0"/><line number="646" hits="0"/><line number="648" hits="0"/><line number="649" hits="0"/><line number="651" hits="0"/><line number="652" hits="0"/><line number="654" hits="0"/><line number="655" hits="0"/><line number="660" hits="11"/><line number="661" hits="4"/><line number="662" hits="4"/><line number="664" hits="4"/><line number="666" hits="2"/><line number="667" hits="1"/><line number="668" hits="1"/><line number="670" hits="1"/><line number="677" hits="5"/><line number="678" hits="7"/><line number="681" hits="1"/><line number="682" hits="3"/><line number="690" hits="1"/><line number="691" hits="4"/><line number="692" hits="3"/><line number="693" hits="1"/><line number="704" hits="20"/><line number="706" hits="5"/><line number="707" hits="10"/><line number="710" hits="20"/><line number="712" hits="5"/><line number="713" hits="5"/><line number="718" hits="5"/><line number="721" hits="5"/><line number="722" hits="0"/><line number="726" hits="10"/><line number="727" hits="10"/><line number="731" hits="3"/><line number="732" hits="3"/><line number="733" hits="6"/><line number="735" hits="3"/><line number="748" hits="20"/><line number="749" hits="10"/><line number="751" hits="5"/><line number="754" hits="2"/><line number="755" hits="3"/><line number="756" hits="2"/><line number="760" hits="2"/><line number="761" hits="2"/><line number="762" hits="2"/><line number="766" hits="2"/><line number="767" hits="2"/><line number="768" hits="2"/><line number="773" hits="2"/><line number="774" hits="2"/><line number="775" hits="2"/><line number="778" hits="3"/><line number="808" hits="2"/><line number="809" hits="4"/><line number="814" hits="3"/><line number="815" hits="3"/><line number="819" hits="1"/><line number="820" hits="1"/><line number="824" hits="1"/><line number="825" hits="1"/><line number="829" hits="1"/><line number="830" hits="1"/><line number="839" hits="0"/><line number="840" hits="0"/><line number="841" hits="0"/><line number="842" hits="0"/><line number="843" hits="0"/><line number="844" hits="0"/><line number="849" hits="1"/><line number="850" hits="1"/><line number="854" hits="1"/><line number="855" hits="1"/><line number="860" hits="0"/><line number="861" hits="0"/><line number="866" hits="2"/><line number="867" hits="2"/><line number="869" hits="2"/><line number="870" hits="2"/><line number="871" hits="5"/><line number="872" hits="4"/><line number="876" hits="2"/><line number="878" hits="1"/><line number="879" hits="2"/><line number="880" hits="2"/><line number="884" hits="1"/><line number="886" hits="1"/><line number="887" hits="2"/><line number="888" hits="2"/><line number="892" hits="1"/><line number="894" hits="1"/><line number="895" hits="2"/><line number="896" hits="1"/><line number="897" hits="2"/><line number="904" hits="1"/><line number="905" hits="2"/><line number="908" hits="3"/><line number="909" hits="1"/><line number="913" hits="1"/><line number="914" hits="0"/><line number="915" hits="0"/><line number="918" hits="1"/><line number="919" hits="0"/><line number="920" hits="0"/><line number="923" hits="1"/><line number="924" hits="0"/><line number="925" hits="0"/><line number="929" hits="1"/><line number="931" hits="1"/><line number="933" hits="2"/><line number="939" hits="1"/><line number="940" hits="1"/><line number="941" hits="1"/><line number="942" hits="0"/><line number="943" hits="0"/><line number="945" hits="1"/><line number="949" hits="1"/><line number="951" hits="1"/><line number="953" hits="2"/><line number="954" hits="2"/><line number="958" hits="1"/><line number="965" hits="2"/><line number="967" hits="2"/><line number="970" hits="3"/><line number="972" hits="6"/><line number="973" hits="3"/><line number="974" hits="3"/><line number="977" hits="7"/><line number="978" hits="3"/><line number="979" hits="3"/><line number="983" hits="13"/><line number="984" hits="3"/><line number="985" hits="6"/><line number="986" hits="5"/><line number="987" hits="4"/><line number="990" hits="2"/><line number="991" hits="1"/><line number="994" hits="4"/><line number="995" hits="5"/><line number="996" hits="3"/><line number="997" hits="2"/><line number="1003" hits="22"/><line number="1004" hits="2"/><line number="1005" hits="3"/><line number="1006" hits="6"/><line number="1007" hits="9"/><line number="1008" hits="6"/><line number="1009" hits="4"/><line number="1013" hits="4"/><line number="1014" hits="2"/><line number="1015" hits="4"/><line number="1016" hits="2"/><line number="1018" hits="2"/><line number="1020" hits="1"/><line number="1022" hits="0"/><line number="1027" hits="0"/><line number="1032" hits="0"/><line number="1033" hits="0"/><line number="1034" hits="0"/><line number="1036" hits="0"/><line number="1038" hits="0"/><line number="1040" hits="0"/><line number="1041" hits="0"/><line number="1043" hits="0"/><line number="1044" hits="0"/></lines></class></classes></package><package name="src/router" line-rate="0.625" branch-rate="0" complexity="0"><classes><class name="mod" filename="src/router/mod.rs" line-rate="0.625" branch-rate="0" complexity="0"><methods/><lines><line number="42" hits="0"/><line number="43" hits="0"/><line number="44" hits="0"/><line number="45" hits="0"/><line number="55" hits="4"/><line number="56" hits="2"/><line number="64" hits="4"/><line number="65" hits="2"/><line number="69" hits="8"/><line number="70" hits="2"/><line number="72" hits="7"/><line number="73" hits="8"/><line number="74" hits="2"/><line number="75" hits="1"/><line number="76" hits="1"/><line number="81" hits="3"/><line number="83" hits="1"/><line number="84" hits="1"/><line number="85" hits="1"/><line number="90" hits="8"/><line number="91" hits="2"/><line number="93" hits="0"/><line number="94" hits="0"/><line number="95" hits="0"/><line number="96" hits="0"/><line number="99" hits="0"/><line number="100" hits="0"/><line number="101" hits="0"/><line number="102" hits="0"/><line number="105" hits="4"/><line number="106" hits="0"/><line number="107" hits="0"/><line number="108" hits="0"/><line number="111" hits="2"/><line number="112" hits="5"/><line number="113" hits="4"/><line number="115" hits="2"/><line number="117" hits="2"/><line number="120" hits="0"/><line number="121" hits="0"/><line number="122" hits="0"/><line number="123" hits="0"/><line number="126" hits="0"/><line number="127" hits="0"/><line number="128" hits="0"/><line number="129" hits="0"/><line number="131" hits="0"/><line number="132" hits="0"/><line number="133" hits="0"/><line number="135" hits="0"/><line number="141" hits="0"/><line number="142" hits="0"/><line number="143" hits="0"/><line number="147" hits="1"/><line number="149" hits="2"/><line number="150" hits="1"/><line number="151" hits="1"/><line number="156" hits="1"/><line number="160" hits="0"/><line number="161" hits="0"/><line number="165" hits="0"/><line number="166" hits="0"/><line number="170" hits="1"/><line number="171" hits="1"/><line number="172" hits="1"/><line number="174" hits="1"/><line number="175" hits="1"/><line number="176" hits="1"/><line number="179" hits="1"/><line number="183" hits="4"/><line number="184" hits="2"/><line number="185" hits="1"/><line number="186" hits="4"/><line number="188" hits="0"/><line number="192" hits="4"/><line number="193" hits="3"/><line number="194" hits="1"/><line number="195" hits="4"/><line number="197" hits="0"/><line number="201" hits="2"/><line number="202" hits="6"/><line number="206" hits="1"/><line number="207" hits="1"/><line number="211" hits="1"/><line number="212" hits="1"/><line number="224" hits="3"/><line number="225" hits="3"/><line number="226" hits="9"/><line number="227" hits="8"/><line number="233" hits="3"/><line number="235" hits="3"/><line number="236" hits="10"/><line number="237" hits="9"/><line number="238" hits="8"/><line number="240" hits="5"/><line number="243" hits="9"/></lines></class></classes></package><package name="src/auth" line-rate="0.7625754527162978" branch-rate="0" complexity="0"><classes><class name="jwt" filename="src/auth/jwt.rs" line-rate="0.4726027397260274" branch-rate="0" complexity="0"><methods/><lines><line number="49" hits="2"/><line number="51" hits="2"/><line number="52" hits="4"/><line number="57" hits="0"/><line number="58" hits="0"/><line number="75" hits="5"/><line number="76" hits="5"/><line number="77" hits="6"/><line number="78" hits="12"/><line number="79" hits="6"/><line number="80" hits="6"/><line number="81" hits="6"/><line number="86" hits="1"/><line number="87" hits="3"/><line number="88" hits="1"/><line number="89" hits="6"/><line number="90" hits="4"/><line number="92" hits="2"/><line number="94" hits="2"/><line number="95" hits="2"/><line number="96" hits="2"/><line number="97" hits="2"/><line number="108" hits="0"/><line number="109" hits="0"/><line number="110" hits="0"/><line number="113" hits="0"/><line number="116" hits="0"/><line number="117" hits="0"/><line number="118" hits="0"/><line number="119" hits="0"/><line number="120" hits="0"/><line number="123" hits="0"/><line number="124" hits="0"/><line number="125" hits="0"/><line number="135" hits="0"/><line number="136" hits="0"/><line number="137" hits="0"/><line number="140" hits="0"/><line number="141" hits="0"/><line number="143" hits="0"/><line number="145" hits="0"/><line number="147" hits="0"/><line number="148" hits="0"/><line number="150" hits="0"/><line number="151" hits="0"/><line number="152" hits="0"/><line number="156" hits="0"/><line number="157" hits="0"/><line number="159" hits="0"/><line number="160" hits="0"/><line number="161" hits="0"/><line number="164" hits="0"/><line number="165" hits="0"/><line number="166" hits="0"/><line number="168" hits="0"/><line number="172" hits="0"/><line number="174" hits="0"/><line number="175" hits="0"/><line number="176" hits="0"/><line number="179" hits="0"/><line number="180" hits="0"/><line number="181" hits="0"/><line number="186" hits="0"/><line number="187" hits="0"/><line number="192" hits="0"/><line number="193" hits="0"/><line number="197" hits="0"/><line number="198" hits="0"/><line number="200" hits="0"/><line number="201" hits="0"/><line number="202" hits="0"/><line number="203" hits="0"/><line number="205" hits="0"/><line number="206" hits="0"/><line number="210" hits="0"/><line number="211" hits="0"/><line number="212" hits="0"/><line number="216" hits="0"/><line number="217" hits="0"/><line number="218" hits="0"/><line number="219" hits="0"/><line number="224" hits="0"/><line number="225" hits="0"/><line number="226" hits="0"/><line number="227" hits="0"/><line number="231" hits="5"/><line number="232" hits="5"/><line number="233" hits="5"/><line number="234" hits="5"/><line number="235" hits="5"/><line number="236" hits="6"/><line number="240" hits="4"/><line number="242" hits="3"/><line number="243" hits="8"/><line number="245" hits="2"/><line number="246" hits="2"/><line number="249" hits="2"/><line number="250" hits="2"/><line number="251" hits="6"/><line number="252" hits="2"/><line number="253" hits="2"/><line number="255" hits="0"/><line number="263" hits="30"/><line number="265" hits="16"/><line number="266" hits="12"/><line number="269" hits="12"/><line number="271" hits="12"/><line number="272" hits="6"/><line number="273" hits="6"/><line number="276" hits="4"/><line number="277" hits="4"/><line number="278" hits="0"/><line number="285" hits="12"/><line number="286" hits="6"/><line number="291" hits="4"/><line number="298" hits="5"/><line number="300" hits="6"/><line number="304" hits="6"/><line number="305" hits="2"/><line number="306" hits="4"/><line number="307" hits="4"/><line number="308" hits="4"/><line number="313" hits="10"/><line number="314" hits="5"/><line number="315" hits="12"/><line number="316" hits="9"/><line number="322" hits="3"/><line number="323" hits="6"/><line number="326" hits="3"/><line number="328" hits="7"/><line number="329" hits="3"/><line number="331" hits="3"/><line number="332" hits="3"/><line number="334" hits="3"/><line number="336" hits="3"/><line number="340" hits="1"/><line number="369" hits="0"/><line number="371" hits="0"/><line number="372" hits="0"/><line number="373" hits="0"/><line number="374" hits="0"/><line number="375" hits="0"/><line number="376" hits="0"/><line number="377" hits="0"/><line number="378" hits="0"/><line number="379" hits="0"/></lines></class><class name="mod" filename="src/auth/mod.rs" line-rate="0.9016393442622951" branch-rate="0" complexity="0"><methods/><lines><line number="90" hits="5"/><line number="94" hits="4"/><line number="95" hits="5"/><line number="98" hits="3"/><line number="99" hits="6"/><line number="100" hits="6"/><line number="101" hits="4"/><line number="102" hits="3"/><line number="104" hits="3"/><line number="108" hits="4"/><line number="109" hits="2"/><line number="111" hits="6"/><line number="112" hits="3"/><line number="113" hits="3"/><line number="146" hits="3"/><line number="150" hits="4"/><line number="152" hits="4"/><line number="153" hits="4"/><line number="154" hits="4"/><line number="161" hits="3"/><line number="165" hits="3"/><line number="169" hits="3"/><line number="170" hits="3"/><line number="173" hits="1"/><line number="174" hits="3"/><line number="178" hits="3"/><line number="184" hits="22"/><line number="185" hits="4"/><line number="190" hits="4"/><line number="192" hits="7"/><line number="193" hits="9"/><line number="194" hits="3"/><line number="199" hits="3"/><line number="200" hits="9"/><line number="201" hits="3"/><line number="202" hits="6"/><line number="203" hits="7"/><line number="204" hits="1"/><line number="206" hits="4"/><line number="208" hits="3"/><line number="209" hits="3"/><line number="211" hits="3"/><line number="214" hits="0"/><line number="230" hits="1"/><line number="237" hits="6"/><line number="238" hits="2"/><line number="239" hits="0"/><line number="242" hits="1"/><line number="244" hits="4"/><line number="245" hits="3"/><line number="246" hits="1"/><line number="247" hits="1"/><line number="249" hits="3"/><line number="250" hits="1"/><line number="252" hits="0"/><line number="253" hits="0"/><line number="254" hits="0"/><line number="260" hits="2"/><line number="261" hits="2"/><line number="267" hits="1"/><line number="270" hits="0"/></lines></class><class name="mtls" filename="src/auth/mtls.rs" line-rate="0.944954128440367" branch-rate="0" complexity="0"><methods/><lines><line number="54" hits="1"/><line number="57" hits="3"/><line number="64" hits="1"/><line number="65" hits="1"/><line number="67" hits="4"/><line number="69" hits="1"/><line number="70" hits="1"/><line number="73" hits="1"/><line number="74" hits="1"/><line number="75" hits="1"/><line number="77" hits="1"/><line number="78" hits="0"/><line number="81" hits="1"/><line number="84" hits="1"/><line number="85" hits="2"/><line number="90" hits="1"/><line number="91" hits="1"/><line number="93" hits="1"/><line number="96" hits="2"/><line number="97" hits="1"/><line number="98" hits="1"/><line number="99" hits="1"/><line number="100" hits="1"/><line number="103" hits="1"/><line number="104" hits="1"/><line number="105" hits="1"/><line number="111" hits="1"/><line number="115" hits="1"/><line number="116" hits="1"/><line number="117" hits="1"/><line number="118" hits="1"/><line number="119" hits="1"/><line number="120" hits="2"/><line number="121" hits="0"/><line number="123" hits="2"/><line number="125" hits="1"/><line number="127" hits="1"/><line number="128" hits="1"/><line number="129" hits="1"/><line number="130" hits="2"/><line number="131" hits="0"/><line number="133" hits="2"/><line number="135" hits="1"/><line number="137" hits="0"/><line number="142" hits="1"/><line number="143" hits="1"/><line number="161" hits="1"/><line number="162" hits="2"/><line number="164" hits="3"/><line number="165" hits="1"/><line number="179" hits="1"/><line number="180" hits="1"/><line number="184" hits="1"/><line number="185" hits="1"/><line number="192" hits="1"/><line number="194" hits="1"/><line number="195" hits="3"/><line number="198" hits="4"/><line number="199" hits="2"/><line number="203" hits="2"/><line number="204" hits="0"/><line number="208" hits="0"/><line number="211" hits="3"/><line number="212" hits="1"/><line number="214" hits="2"/><line number="217" hits="1"/><line number="218" hits="1"/><line number="219" hits="2"/><line number="220" hits="2"/><line number="222" hits="1"/><line number="223" hits="2"/><line number="226" hits="1"/><line number="227" hits="1"/><line number="228" hits="1"/><line number="229" hits="1"/><line number="230" hits="1"/><line number="231" hits="1"/><line number="243" hits="6"/><line number="246" hits="2"/><line number="247" hits="1"/><line number="252" hits="2"/><line number="253" hits="1"/><line number="254" hits="1"/><line number="258" hits="1"/><line number="261" hits="1"/><line number="290" hits="1"/><line number="296" hits="1"/><line number="297" hits="1"/><line number="298" hits="1"/><line number="303" hits="1"/><line number="306" hits="1"/><line number="316" hits="1"/><line number="319" hits="1"/><line number="320" hits="3"/><line number="321" hits="3"/><line number="326" hits="1"/><line number="327" hits="3"/><line number="328" hits="3"/><line number="331" hits="3"/><line number="332" hits="1"/><line number="337" hits="1"/><line number="338" hits="3"/><line number="339" hits="5"/><line number="343" hits="1"/><line number="344" hits="1"/><line number="345" hits="1"/><line number="348" hits="1"/><line number="349" hits="1"/><line number="350" hits="1"/></lines></class><class name="oauth" filename="src/auth/oauth.rs" line-rate="0.8397790055248618" branch-rate="0" complexity="0"><methods/><lines><line number="25" hits="3"/><line number="26" hits="3"/><line number="27" hits="3"/><line number="33" hits="0"/><line number="39" hits="0"/><line number="40" hits="3"/><line number="88" hits="6"/><line number="90" hits="6"/><line number="96" hits="4"/><line number="97" hits="5"/><line number="98" hits="1"/><line number="99" hits="1"/><line number="101" hits="0"/><line number="106" hits="1"/><line number="107" hits="4"/><line number="108" hits="2"/><line number="109" hits="1"/><line number="110" hits="1"/><line number="111" hits="3"/><line number="114" hits="1"/><line number="117" hits="3"/><line number="118" hits="0"/><line number="119" hits="0"/><line number="123" hits="1"/><line number="124" hits="0"/><line number="128" hits="0"/><line number="129" hits="0"/><line number="131" hits="0"/><line number="132" hits="0"/><line number="133" hits="0"/><line number="134" hits="0"/><line number="139" hits="0"/><line number="141" hits="0"/><line number="144" hits="0"/><line number="148" hits="0"/><line number="151" hits="0"/><line number="152" hits="0"/><line number="153" hits="0"/><line number="156" hits="0"/><line number="177" hits="3"/><line number="179" hits="4"/><line number="181" hits="9"/><line number="184" hits="16"/><line number="185" hits="4"/><line number="186" hits="1"/><line number="189" hits="6"/><line number="192" hits="15"/><line number="193" hits="3"/><line number="195" hits="7"/><line number="198" hits="15"/><line number="199" hits="3"/><line number="201" hits="3"/><line number="204" hits="16"/><line number="206" hits="11"/><line number="207" hits="8"/><line number="209" hits="3"/><line number="212" hits="11"/><line number="214" hits="6"/><line number="215" hits="6"/><line number="216" hits="5"/><line number="217" hits="3"/><line number="218" hits="5"/><line number="219" hits="6"/><line number="220" hits="6"/><line number="226" hits="2"/><line number="227" hits="4"/><line number="230" hits="2"/><line number="231" hits="4"/><line number="232" hits="6"/><line number="233" hits="2"/><line number="237" hits="2"/><line number="238" hits="4"/><line number="240" hits="2"/><line number="244" hits="2"/><line number="248" hits="0"/><line number="249" hits="0"/><line number="253" hits="3"/><line number="255" hits="3"/><line number="256" hits="3"/><line number="257" hits="3"/><line number="261" hits="11"/><line number="262" hits="2"/><line number="265" hits="2"/><line number="267" hits="2"/><line number="269" hits="1"/><line number="270" hits="2"/><line number="273" hits="2"/><line number="274" hits="2"/><line number="277" hits="5"/><line number="279" hits="5"/><line number="280" hits="1"/><line number="282" hits="3"/><line number="283" hits="1"/><line number="285" hits="2"/><line number="289" hits="4"/><line number="291" hits="3"/><line number="292" hits="1"/><line number="294" hits="1"/><line number="298" hits="4"/><line number="299" hits="4"/><line number="301" hits="1"/><line number="302" hits="1"/><line number="305" hits="4"/><line number="306" hits="1"/><line number="308" hits="3"/><line number="309" hits="1"/><line number="312" hits="4"/><line number="313" hits="1"/><line number="315" hits="2"/><line number="319" hits="8"/><line number="321" hits="6"/><line number="322" hits="2"/><line number="325" hits="3"/><line number="326" hits="1"/><line number="327" hits="1"/><line number="331" hits="2"/><line number="332" hits="6"/><line number="334" hits="2"/><line number="335" hits="2"/><line number="337" hits="2"/><line number="343" hits="2"/><line number="344" hits="6"/><line number="345" hits="2"/><line number="346" hits="6"/><line number="347" hits="4"/><line number="349" hits="10"/><line number="351" hits="2"/><line number="356" hits="6"/><line number="357" hits="4"/><line number="358" hits="6"/><line number="359" hits="2"/><line number="364" hits="7"/><line number="365" hits="3"/><line number="366" hits="0"/><line number="367" hits="0"/><line number="368" hits="0"/><line number="369" hits="0"/><line number="370" hits="0"/><line number="371" hits="0"/><line number="376" hits="6"/><line number="381" hits="4"/><line number="382" hits="2"/><line number="383" hits="7"/><line number="384" hits="2"/><line number="388" hits="3"/><line number="390" hits="2"/><line number="391" hits="3"/><line number="392" hits="2"/><line number="399" hits="8"/><line number="400" hits="4"/><line number="404" hits="4"/><line number="405" hits="8"/><line number="406" hits="1"/><line number="407" hits="2"/><line number="409" hits="0"/><line number="415" hits="5"/><line number="416" hits="8"/><line number="417" hits="1"/><line number="418" hits="3"/><line number="421" hits="4"/><line number="426" hits="2"/><line number="427" hits="2"/><line number="430" hits="3"/><line number="431" hits="1"/><line number="435" hits="2"/><line number="436" hits="3"/><line number="437" hits="1"/><line number="438" hits="3"/><line number="440" hits="1"/><line number="441" hits="1"/><line number="445" hits="2"/><line number="451" hits="19"/><line number="452" hits="8"/><line number="454" hits="2"/><line number="456" hits="2"/><line number="458" hits="3"/><line number="460" hits="2"/><line number="461" hits="1"/><line number="462" hits="2"/><line number="465" hits="1"/><line number="469" hits="2"/></lines></class></classes></package><package name="src/authz" line-rate="0.6363636363636364" branch-rate="0" complexity="0"><classes><class name="mod" filename="src/authz/mod.rs" line-rate="0.6363636363636364" branch-rate="0" complexity="0"><methods/><lines><line number="24" hits="2"/><line number="25" hits="2"/><line number="26" hits="2"/><line number="27" hits="8"/><line number="32" hits="0"/><line number="33" hits="0"/><line number="34" hits="0"/><line number="35" hits="0"/><line number="36" hits="0"/><line number="40" hits="0"/><line number="55" hits="0"/><line number="57" hits="0"/><line number="58" hits="0"/><line number="59" hits="0"/><line number="66" hits="0"/><line number="74" hits="2"/><line number="75" hits="2"/><line number="95" hits="2"/><line number="97" hits="6"/><line number="98" hits="2"/><line number="102" hits="6"/><line number="103" hits="10"/><line number="104" hits="1"/><line number="109" hits="6"/><line number="110" hits="6"/><line number="111" hits="6"/><line number="112" hits="3"/><line number="114" hits="6"/><line number="115" hits="9"/><line number="116" hits="3"/><line number="118" hits="0"/><line number="124" hits="3"/><line number="129" hits="3"/></lines></class></classes></package><package name="src/config" line-rate="0.8365384615384616" branch-rate="0" complexity="0"><classes><class name="mod" filename="src/config/mod.rs" line-rate="0.8365384615384616" branch-rate="0" complexity="0"><methods/><lines><line number="82" hits="4"/><line number="84" hits="4"/><line number="85" hits="5"/><line number="91" hits="5"/><line number="92" hits="5"/><line number="136" hits="1"/><line number="139" hits="1"/><line number="140" hits="1"/><line number="142" hits="1"/><line number="258" hits="1"/><line number="259" hits="1"/><line number="266" hits="0"/><line number="267" hits="0"/><line number="270" hits="0"/><line number="271" hits="0"/><line number="329" hits="0"/><line number="330" hits="0"/><line number="333" hits="0"/><line number="334" hits="0"/><line number="358" hits="3"/><line number="361" hits="2"/><line number="362" hits="3"/><line number="425" hits="3"/><line number="431" hits="3"/><line number="432" hits="3"/><line number="433" hits="3"/><line number="467" hits="6"/><line number="470" hits="6"/><line number="472" hits="6"/><line number="478" hits="6"/><line number="479" hits="4"/><line number="556" hits="1"/><line number="557" hits="1"/><line number="559" hits="0"/><line number="560" hits="0"/><line number="562" hits="0"/><line number="565" hits="0"/><line number="566" hits="0"/><line number="570" hits="4"/><line number="572" hits="3"/><line number="573" hits="2"/><line number="574" hits="2"/><line number="579" hits="4"/><line number="580" hits="2"/><line number="581" hits="2"/><line number="582" hits="2"/><line number="585" hits="4"/><line number="586" hits="2"/><line number="587" hits="2"/><line number="593" hits="3"/><line number="594" hits="2"/><line number="603" hits="1"/><line number="604" hits="1"/><line number="605" hits="1"/><line number="612" hits="5"/><line number="614" hits="1"/><line number="615" hits="1"/><line number="616" hits="1"/><line number="617" hits="1"/><line number="623" hits="6"/><line number="625" hits="6"/><line number="626" hits="2"/><line number="627" hits="2"/><line number="631" hits="3"/><line number="632" hits="2"/><line number="633" hits="2"/><line number="636" hits="1"/><line number="637" hits="1"/><line number="638" hits="1"/><line number="642" hits="1"/><line number="643" hits="1"/><line number="644" hits="1"/><line number="650" hits="2"/><line number="651" hits="2"/><line number="653" hits="2"/><line number="654" hits="2"/><line number="659" hits="2"/><line number="660" hits="0"/><line number="661" hits="0"/><line number="663" hits="0"/><line number="667" hits="2"/><line number="669" hits="2"/><line number="670" hits="2"/><line number="671" hits="2"/><line number="676" hits="2"/><line number="677" hits="2"/><line number="678" hits="2"/><line number="684" hits="2"/><line number="688" hits="2"/><line number="689" hits="2"/><line number="695" hits="2"/><line number="696" hits="2"/><line number="697" hits="2"/><line number="698" hits="2"/><line number="702" hits="2"/><line number="703" hits="0"/><line number="709" hits="2"/><line number="710" hits="2"/><line number="716" hits="2"/><line number="718" hits="1"/><line number="719" hits="1"/><line number="726" hits="2"/><line number="727" hits="1"/><line number="735" hits="2"/></lines></class></classes></package><package name="src" line-rate="0.6344473007712083" branch-rate="0" complexity="0"><classes><class name="lib" filename="src/lib.rs" line-rate="0" branch-rate="0" complexity="0"><methods/><lines><line number="23" hits="0"/></lines></class><class name="main" filename="src/main.rs" line-rate="0.18143459915611815" branch-rate="0" complexity="0"><methods/><lines><line number="21" hits="0"/><line number="22" hits="0"/><line number="23" hits="0"/><line number="24" hits="0"/><line number="25" hits="0"/><line number="27" hits="0"/><line number="30" hits="14"/><line number="31" hits="4"/><line number="32" hits="0"/><line number="34" hits="0"/><line number="36" hits="0"/><line number="37" hits="0"/><line number="39" hits="0"/><line number="42" hits="0"/><line number="43" hits="0"/><line number="44" hits="0"/><line number="47" hits="0"/><line number="48" hits="0"/><line number="49" hits="0"/><line number="54" hits="2"/><line number="56" hits="2"/><line number="58" hits="0"/><line number="60" hits="1"/><line number="61" hits="2"/><line number="66" hits="1"/><line number="72" hits="2"/><line number="74" hits="1"/><line number="75" hits="2"/><line number="77" hits="2"/><line number="78" hits="1"/><line number="79" hits="1"/><line number="80" hits="1"/><line number="81" hits="1"/><line number="82" hits="1"/><line number="83" hits="1"/><line number="84" hits="1"/><line number="85" hits="1"/><line number="86" hits="1"/><line number="88" hits="1"/><line number="89" hits="2"/><line number="92" hits="2"/><line number="93" hits="4"/><line number="94" hits="2"/><line number="98" hits="1"/><line number="100" hits="2"/><line number="101" hits="2"/><line number="105" hits="2"/><line number="106" hits="1"/><line number="107" hits="1"/><line number="108" hits="1"/><line number="109" hits="1"/><line number="110" hits="1"/><line number="111" hits="1"/><line number="112" hits="1"/><line number="113" hits="1"/><line number="114" hits="1"/><line number="115" hits="1"/><line number="116" hits="1"/><line number="117" hits="1"/><line number="118" hits="1"/><line number="121" hits="0"/><line number="123" hits="0"/><line number="126" hits="0"/><line number="127" hits="0"/><line number="129" hits="0"/><line number="130" hits="0"/><line number="132" hits="0"/><line number="134" hits="0"/><line number="138" hits="0"/><line number="140" hits="0"/><line number="141" hits="0"/><line number="142" hits="0"/><line number="143" hits="0"/><line number="146" hits="0"/><line number="147" hits="0"/><line number="149" hits="0"/><line number="151" hits="0"/><line number="154" hits="0"/><line number="156" hits="0"/><line number="157" hits="0"/><line number="160" hits="0"/><line number="165" hits="0"/><line number="169" hits="0"/><line number="171" hits="0"/><line number="172" hits="0"/><line number="173" hits="0"/><line number="175" hits="0"/><line number="176" hits="0"/><line number="178" hits="0"/><line number="180" hits="0"/><line number="181" hits="0"/><line number="184" hits="0"/><line number="189" hits="0"/><line number="193" hits="0"/><line number="195" hits="0"/><line number="196" hits="0"/><line number="197" hits="0"/><line number="199" hits="0"/><line number="200" hits="0"/><line number="202" hits="0"/><line number="204" hits="0"/><line number="205" hits="0"/><line number="208" hits="0"/><line number="215" hits="0"/><line number="217" hits="0"/><line number="220" hits="0"/><line number="221" hits="0"/><line number="223" hits="0"/><line number="224" hits="0"/><line number="228" hits="0"/><line number="231" hits="0"/><line number="232" hits="0"/><line number="241" hits="0"/><line number="244" hits="0"/><line number="247" hits="0"/><line number="249" hits="0"/><line number="250" hits="0"/><line number="251" hits="0"/><line number="252" hits="0"/><line number="255" hits="0"/><line number="260" hits="0"/><line number="263" hits="0"/><line number="264" hits="0"/><line number="265" hits="0"/><line number="269" hits="0"/><line number="270" hits="0"/><line number="272" hits="0"/><line number="273" hits="0"/><line number="276" hits="0"/><line number="277" hits="0"/><line number="281" hits="0"/><line number="282" hits="0"/><line number="286" hits="0"/><line number="287" hits="0"/><line number="288" hits="0"/><line number="289" hits="0"/><line number="291" hits="0"/><line number="292" hits="0"/><line number="295" hits="0"/><line number="296" hits="0"/><line number="301" hits="0"/><line number="304" hits="0"/><line number="306" hits="0"/><line number="307" hits="0"/><line number="308" hits="0"/><line number="310" hits="0"/><line number="313" hits="0"/><line number="317" hits="0"/><line number="320" hits="0"/><line number="321" hits="0"/><line number="324" hits="0"/><line number="327" hits="0"/><line number="331" hits="0"/><line number="332" hits="0"/><line number="339" hits="0"/><line number="340" hits="0"/><line number="341" hits="0"/><line number="342" hits="0"/><line number="345" hits="0"/><line number="348" hits="0"/><line number="352" hits="0"/><line number="353" hits="0"/><line number="354" hits="0"/><line number="357" hits="0"/><line number="361" hits="0"/><line number="363" hits="0"/><line number="364" hits="0"/><line number="365" hits="0"/><line number="368" hits="0"/><line number="372" hits="0"/><line number="374" hits="0"/><line number="375" hits="0"/><line number="378" hits="0"/><line number="382" hits="0"/><line number="385" hits="0"/><line number="386" hits="0"/><line number="387" hits="0"/><line number="388" hits="0"/><line number="389" hits="0"/><line number="390" hits="0"/><line number="391" hits="0"/><line number="392" hits="0"/><line number="393" hits="0"/><line number="394" hits="0"/><line number="395" hits="0"/><line number="396" hits="0"/><line number="397" hits="0"/><line number="401" hits="0"/><line number="412" hits="0"/><line number="415" hits="0"/><line number="416" hits="0"/><line number="418" hits="0"/><line number="422" hits="1"/><line number="426" hits="0"/><line number="431" hits="0"/><line number="432" hits="0"/><line number="433" hits="0"/><line number="434" hits="0"/><line number="435" hits="0"/><line number="438" hits="0"/><line number="439" hits="0"/><line number="440" hits="0"/><line number="443" hits="0"/><line number="457" hits="0"/><line number="458" hits="0"/><line number="459" hits="0"/><line number="462" hits="0"/><line number="463" hits="0"/><line number="465" hits="0"/><line number="466" hits="0"/><line number="470" hits="0"/><line number="471" hits="0"/><line number="473" hits="0"/><line number="474" hits="0"/><line number="475" hits="0"/><line number="482" hits="0"/><line number="484" hits="0"/><line number="489" hits="0"/><line number="490" hits="0"/><line number="491" hits="0"/><line number="495" hits="0"/><line number="496" hits="0"/><line number="500" hits="0"/><line number="502" hits="0"/><line number="503" hits="0"/><line number="506" hits="0"/><line number="510" hits="0"/><line number="511" hits="0"/><line number="512" hits="0"/><line number="516" hits="0"/><line number="517" hits="0"/><line number="520" hits="0"/><line number="522" hits="0"/><line number="523" hits="0"/><line number="526" hits="0"/><line number="527" hits="0"/><line number="530" hits="0"/></lines></class></classes></package><package name="tests" line-rate="0" branch-rate="0" complexity="0"><classes></classes></package><package name="src/rate_limit" line-rate="0.8923076923076924" branch-rate="0" complexity="0"><classes><class name="mod" filename="src/rate_limit/mod.rs" line-rate="0.8923076923076924" branch-rate="0" complexity="0"><methods/><lines><line number="62" hits="7"/><line number="72" hits="4"/><line number="98" hits="3"/><line number="100" hits="4"/><line number="101" hits="4"/><line number="102" hits="6"/><line number="103" hits="6"/><line number="109" hits="6"/><line number="110" hits="7"/><line number="111" hits="7"/><line number="113" hits="7"/><line number="114" hits="7"/><line number="118" hits="7"/><line number="119" hits="7"/><line number="122" hits="7"/><line number="123" hits="8"/><line number="124" hits="4"/><line number="128" hits="7"/><line number="129" hits="0"/><line number="133" hits="17"/><line number="135" hits="2"/><line number="136" hits="2"/><line number="139" hits="6"/><line number="142" hits="6"/><line number="144" hits="7"/><line number="147" hits="14"/><line number="148" hits="7"/><line number="152" hits="2"/><line number="153" hits="2"/><line number="154" hits="2"/><line number="156" hits="4"/><line number="157" hits="2"/><line number="160" hits="2"/><line number="174" hits="3"/><line number="176" hits="3"/><line number="178" hits="10"/><line number="179" hits="5"/><line number="182" hits="5"/><line number="183" hits="5"/><line number="184" hits="21"/><line number="187" hits="7"/><line number="189" hits="2"/><line number="192" hits="7"/><line number="194" hits="14"/><line number="198" hits="7"/><line number="199" hits="7"/><line number="201" hits="4"/><line number="203" hits="8"/><line number="204" hits="4"/><line number="205" hits="4"/><line number="211" hits="1"/><line number="212" hits="1"/><line number="216" hits="0"/><line number="217" hits="0"/><line number="221" hits="0"/><line number="222" hits="0"/><line number="226" hits="2"/><line number="227" hits="3"/><line number="231" hits="1"/><line number="232" hits="1"/><line number="237" hits="2"/><line number="238" hits="2"/><line number="239" hits="2"/><line number="244" hits="0"/><line number="245" hits="0"/></lines></class></classes></package><package name="benches" line-rate="0" branch-rate="0" complexity="0"><classes></classes></package><package name="src/cli" line-rate="0.6" branch-rate="0" complexity="0"><classes><class name="mod" filename="src/cli/mod.rs" line-rate="0.6" branch-rate="0" complexity="0"><methods/><lines><line number="108" hits="0"/><line number="109" hits="0"/><line number="121" hits="2"/><line number="123" hits="2"/><line number="124" hits="2"/><line number="125" hits="2"/><line number="127" hits="2"/><line number="135" hits="9"/><line number="137" hits="7"/><line number="138" hits="7"/><line number="139" hits="7"/><line number="149" hits="0"/><line number="150" hits="0"/><line number="177" hits="0"/><line number="212" hits="0"/></lines></class></classes></package></packages></coverage>